<?xml version="1.0" encoding="UTF-8"?>
<!-- Generated by org.testng.reporters.JUnitXMLReporter -->
<testsuite ignored="2" hostname="LAPTOP-1D9IH3VE" failures="0" tests="2" name="Test" time="0.041" errors="0" timestamp="2023-05-19T15:31:38 IST">
  <testcase classname="New_Generation.Sample2" name="data3" time="0.008"/>
  <testcase classname="New_Generation.Sample2" name="data4" time="0.002"/>
  <testcase classname="New_Generation.Sample1" name="data2" time="0.0">
    <ignored/>
  </testcase> <!-- data2 -->
  <testcase classname="New_Generation.Sample1" name="data1" time="0.0">
    <ignored/>
  </testcase> <!-- data1 -->
</testsuite> <!-- Test -->
